c:\users\jalbm\source\repos\sdl2d_project\sdl2d_project\debug\vc141.pdb
c:\users\jalbm\source\repos\sdl2d_project\sdl2d_project\debug\vc141.idb
c:\users\jalbm\source\repos\sdl2d_project\sdl2d_project\debug\tiles.obj
c:\users\jalbm\source\repos\sdl2d_project\sdl2d_project\debug\texturemanager.obj
c:\users\jalbm\source\repos\sdl2d_project\sdl2d_project\debug\saver.obj
c:\users\jalbm\source\repos\sdl2d_project\sdl2d_project\debug\input.obj
c:\users\jalbm\source\repos\sdl2d_project\sdl2d_project\debug\player.obj
c:\users\jalbm\source\repos\sdl2d_project\sdl2d_project\debug\map.obj
c:\users\jalbm\source\repos\sdl2d_project\sdl2d_project\debug\main.obj
c:\users\jalbm\source\repos\sdl2d_project\sdl2d_project\debug\gameobject.obj
c:\users\jalbm\source\repos\sdl2d_project\sdl2d_project\debug\game.obj
c:\users\jalbm\source\repos\sdl2d_project\sdl2d_project\debug\window.obj
c:\users\jalbm\source\repos\sdl2d_project\debug\sdl2d_project.exe
c:\users\jalbm\source\repos\sdl2d_project\debug\sdl2d_project.ilk
c:\users\jalbm\source\repos\sdl2d_project\debug\sdl2d_project.pdb
c:\users\jalbm\source\repos\sdl2d_project\sdl2d_project\debug\sdl2d_project.tlog\cl.command.1.tlog
c:\users\jalbm\source\repos\sdl2d_project\sdl2d_project\debug\sdl2d_project.tlog\cl.read.1.tlog
c:\users\jalbm\source\repos\sdl2d_project\sdl2d_project\debug\sdl2d_project.tlog\cl.write.1.tlog
c:\users\jalbm\source\repos\sdl2d_project\sdl2d_project\debug\sdl2d_project.tlog\link.command.1.tlog
c:\users\jalbm\source\repos\sdl2d_project\sdl2d_project\debug\sdl2d_project.tlog\link.read.1.tlog
c:\users\jalbm\source\repos\sdl2d_project\sdl2d_project\debug\sdl2d_project.tlog\link.write.1.tlog
