  EngineSerializer.cpp
C:\Users\jalbm\Documents\Visual Studio 2022\DogEngine\SDL2D_Project\GameObjects\GameObject.h(14,10): warning C4067: unexpected tokens following preprocessor directive - expected a newline
  Animation.cpp
C:\Users\jalbm\Documents\Visual Studio 2022\DogEngine\SDL2D_Project\Animator\Animation.cpp(41,19): warning C4244: '=': conversion from 'float' to 'int', possible loss of data
  Animator.cpp
  Generating Code...
  AnimationHandler.cpp
  Observer.cpp
C:\Users\jalbm\Documents\Visual Studio 2022\DogEngine\SDL2D_Project\GameObjects\GameObject.h(14,10): warning C4067: unexpected tokens following preprocessor directive - expected a newline
  pugixml.cpp
  PlayerController.cpp
C:\Users\jalbm\Documents\Visual Studio 2022\DogEngine\SDL2D_Project\GameObjects\GameObject.h(14,10): warning C4067: unexpected tokens following preprocessor directive - expected a newline
  NetworkManager.cpp
  OpenGLTestGameObj.cpp
C:\Users\jalbm\Documents\Visual Studio 2022\DogEngine\SDL2D_Project\GameObjects\GameObject.h(14,10): warning C4067: unexpected tokens following preprocessor directive - expected a newline
C:\Users\jalbm\Documents\Visual Studio 2022\DogEngine\SDL2D_Project\EventSystem\EventManager.h(65,33): warning C4858: discarding return value: This member function returns a bool indicating whether the container is empty and has no other effects. It is not useful to call this member function and discard the return value. Use the 'clear()' member function if you want to erase all elements.
  Skeleton.cpp
C:\Users\jalbm\Documents\Visual Studio 2022\DogEngine\SDL2D_Project\GameObjects\GameObject.h(14,10): warning C4067: unexpected tokens following preprocessor directive - expected a newline
C:\Users\jalbm\Documents\Visual Studio 2022\DogEngine\SDL2D_Project\EventSystem\EventManager.h(65,33): warning C4858: discarding return value: This member function returns a bool indicating whether the container is empty and has no other effects. It is not useful to call this member function and discard the return value. Use the 'clear()' member function if you want to erase all elements.
  GameObject.cpp
C:\Users\jalbm\Documents\Visual Studio 2022\DogEngine\SDL2D_Project\GameObjects\GameObject.h(14,10): warning C4067: unexpected tokens following preprocessor directive - expected a newline
  Rogue.cpp
C:\Users\jalbm\Documents\Visual Studio 2022\DogEngine\SDL2D_Project\GameObjects\GameObject.h(14,10): warning C4067: unexpected tokens following preprocessor directive - expected a newline
C:\Users\jalbm\Documents\Visual Studio 2022\DogEngine\SDL2D_Project\EventSystem\EventManager.h(65,33): warning C4858: discarding return value: This member function returns a bool indicating whether the container is empty and has no other effects. It is not useful to call this member function and discard the return value. Use the 'clear()' member function if you want to erase all elements.
  Generating Code...
  Renderer.cpp
C:\Users\jalbm\Documents\Visual Studio 2022\DogEngine\SDL2D_Project\GameObjects\GameObject.h(14,10): warning C4067: unexpected tokens following preprocessor directive - expected a newline
C:\Users\jalbm\Documents\Visual Studio 2022\DogEngine\SDL2D_Project\EventSystem\EventManager.h(65,33): warning C4858: discarding return value: This member function returns a bool indicating whether the container is empty and has no other effects. It is not useful to call this member function and discard the return value. Use the 'clear()' member function if you want to erase all elements.
C:\Users\jalbm\Documents\Visual Studio 2022\DogEngine\SDL2D_Project\Renderer\Renderer.cpp(294,2): warning C4150: deletion of pointer to incomplete type 'SDL_Renderer'; no destructor called
C:\Users\jalbm\Documents\Visual Studio 2022\DogEngine\SDL2D_Project\Window\DearGUI\imgui_sdl.h(4,8): message : see declaration of 'SDL_Renderer'
C:\Users\jalbm\Documents\Visual Studio 2022\DogEngine\SDL2D_Project\Renderer\Renderer.cpp(295,2): warning C4150: deletion of pointer to incomplete type 'SDL_Window'; no destructor called
C:\Dev\SDL2-2.0.12\include\SDL_video.h(90,16): message : see declaration of 'SDL_Window'
C:\Users\jalbm\Documents\Visual Studio 2022\DogEngine\SDL2D_Project\Renderer\Renderer.cpp(354,52): warning C4244: 'argument': conversion from 'float' to 'int', possible loss of data
C:\Users\jalbm\Documents\Visual Studio 2022\DogEngine\SDL2D_Project\Renderer\Renderer.cpp(354,45): warning C4244: 'argument': conversion from 'float' to 'int', possible loss of data
C:\Users\jalbm\Documents\Visual Studio 2022\DogEngine\SDL2D_Project\Renderer\Renderer.cpp(354,36): warning C4244: 'argument': conversion from 'float' to 'int', possible loss of data
C:\Users\jalbm\Documents\Visual Studio 2022\DogEngine\SDL2D_Project\Renderer\Renderer.cpp(354,27): warning C4244: 'argument': conversion from 'float' to 'int', possible loss of data
  Shader.cpp
C:\Users\jalbm\Documents\Visual Studio 2022\DogEngine\SDL2D_Project\Renderer\Shader.cpp(110,33): warning C4267: '=': conversion from 'size_t' to 'GLsizei', possible loss of data
C:\Users\jalbm\Documents\Visual Studio 2022\DogEngine\SDL2D_Project\Renderer\Shader.cpp(125,33): warning C4267: '=': conversion from 'size_t' to 'GLsizei', possible loss of data
  Generating Code...
  ThreadManager.cpp
  imgui.cpp
  imgui_demo.cpp
  imgui_draw.cpp
  imgui_sdl.cpp
  imgui_widgets.cpp
  Generating Code...
  GUI.cpp
C:\Users\jalbm\Documents\Visual Studio 2022\DogEngine\SDL2D_Project\GameObjects\GameObject.h(14,10): warning C4067: unexpected tokens following preprocessor directive - expected a newline
C:\Users\jalbm\Documents\Visual Studio 2022\DogEngine\SDL2D_Project\EventSystem\EventManager.h(65,33): warning C4858: discarding return value: This member function returns a bool indicating whether the container is empty and has no other effects. It is not useful to call this member function and discard the return value. Use the 'clear()' member function if you want to erase all elements.
C:\Users\jalbm\Documents\Visual Studio 2022\DogEngine\SDL2D_Project\Window\GUI.cpp(50,2): warning C4065: switch statement contains 'default' but no 'case' labels
  Window.cpp
C:\Users\jalbm\Documents\Visual Studio 2022\DogEngine\SDL2D_Project\GameObjects\GameObject.h(14,10): warning C4067: unexpected tokens following preprocessor directive - expected a newline
C:\Users\jalbm\Documents\Visual Studio 2022\DogEngine\SDL2D_Project\EventSystem\EventManager.h(65,33): warning C4858: discarding return value: This member function returns a bool indicating whether the container is empty and has no other effects. It is not useful to call this member function and discard the return value. Use the 'clear()' member function if you want to erase all elements.
  Generating Code...
C:\Users\jalbm\Documents\Visual Studio 2022\DogEngine\SDL2D_Project\Window\GUI.h(199): warning C4717: 'ConsoleApp::TextEditCallbackStub': recursive on all control paths, function will cause runtime stack overflow
  Converter.cpp
C:\Users\jalbm\Documents\Visual Studio 2022\DogEngine\SDL2D_Project\GameObjects\GameObject.h(14,10): warning C4067: unexpected tokens following preprocessor directive - expected a newline
  Vec2.cpp
C:\Users\jalbm\Documents\Visual Studio 2022\DogEngine\SDL2D_Project\Math\Vec2.cpp(14,6): warning C4244: '=': conversion from 'int' to 'float', possible loss of data
C:\Users\jalbm\Documents\Visual Studio 2022\DogEngine\SDL2D_Project\Math\Vec2.cpp(15,6): warning C4244: '=': conversion from 'int' to 'float', possible loss of data
  Generating Code...
  AI.cpp
  Grid.cpp
  Generating Code...
  Collider.cpp
C:\Users\jalbm\Documents\Visual Studio 2022\DogEngine\SDL2D_Project\GameObjects\GameObject.h(14,10): warning C4067: unexpected tokens following preprocessor directive - expected a newline
C:\Users\jalbm\Documents\Visual Studio 2022\DogEngine\SDL2D_Project\EventSystem\EventManager.h(65,33): warning C4858: discarding return value: This member function returns a bool indicating whether the container is empty and has no other effects. It is not useful to call this member function and discard the return value. Use the 'clear()' member function if you want to erase all elements.
C:\Users\jalbm\Documents\Visual Studio 2022\DogEngine\SDL2D_Project\Physics\Collider.cpp(143,23): warning C4244: '=': conversion from 'float' to 'int', possible loss of data
C:\Users\jalbm\Documents\Visual Studio 2022\DogEngine\SDL2D_Project\Physics\Collider.cpp(144,23): warning C4244: '=': conversion from 'float' to 'int', possible loss of data
C:\Users\jalbm\Documents\Visual Studio 2022\DogEngine\SDL2D_Project\Physics\Collider.cpp(201,16): warning C4244: '=': conversion from 'int' to 'float', possible loss of data
C:\Users\jalbm\Documents\Visual Studio 2022\DogEngine\SDL2D_Project\Physics\Collider.cpp(210,7): warning C4244: '=': conversion from 'int' to 'float', possible loss of data
C:\Users\jalbm\Documents\Visual Studio 2022\DogEngine\SDL2D_Project\Physics\Collider.cpp(211,7): warning C4244: '=': conversion from 'int' to 'float', possible loss of data
C:\Users\jalbm\Documents\Visual Studio 2022\DogEngine\SDL2D_Project\Physics\Collider.cpp(215,13): warning C4244: 'initializing': conversion from 'float' to 'int', possible loss of data
C:\Users\jalbm\Documents\Visual Studio 2022\DogEngine\SDL2D_Project\Physics\Collider.cpp(217,16): warning C4244: '=': conversion from 'int' to 'float', possible loss of data
C:\Users\jalbm\Documents\Visual Studio 2022\DogEngine\SDL2D_Project\Physics\Collider.cpp(233,13): warning C4244: 'initializing': conversion from 'float' to 'int', possible loss of data
C:\Users\jalbm\Documents\Visual Studio 2022\DogEngine\SDL2D_Project\Physics\Collider.cpp(235,16): warning C4244: '=': conversion from 'int' to 'float', possible loss of data
  Map.cpp
C:\Users\jalbm\Documents\Visual Studio 2022\DogEngine\SDL2D_Project\GameObjects\GameObject.h(14,10): warning C4067: unexpected tokens following preprocessor directive - expected a newline
  Event.cpp
  SceneManager.cpp
  A_Star_Node_Priority.cpp
  node.cpp
  Generating Code...
  TextureManager.cpp
C:\Users\jalbm\Documents\Visual Studio 2022\DogEngine\SDL2D_Project\GameObjects\GameObject.h(14,10): warning C4067: unexpected tokens following preprocessor directive - expected a newline
C:\Users\jalbm\Documents\Visual Studio 2022\DogEngine\SDL2D_Project\EventSystem\EventManager.h(65,33): warning C4858: discarding return value: This member function returns a bool indicating whether the container is empty and has no other effects. It is not useful to call this member function and discard the return value. Use the 'clear()' member function if you want to erase all elements.
  Timer.cpp
  SDL2D_Project.vcxproj -> C:\Users\jalbm\Documents\Visual Studio 2022\DogEngine\x64\Debug\SDL2D_Project.exe
