c:\users\jalbm\documents\visual studio 2022\dogengine\dogengine\x64\debug\vc143.pdb
c:\users\jalbm\documents\visual studio 2022\dogengine\dogengine\x64\debug\vc143.idb
c:\users\jalbm\documents\visual studio 2022\dogengine\dogengine\x64\debug\dogengineplayground\components\c_rectanglecollider.obj
c:\users\jalbm\documents\visual studio 2022\dogengine\dogengine\x64\debug\dogengineplayground\components\c_circlecollider.obj
c:\users\jalbm\documents\visual studio 2022\dogengine\dogengine\x64\debug\dogengineplayground\components\c_sprite.obj
c:\users\jalbm\documents\visual studio 2022\dogengine\dogengine\x64\debug\dogengineplayground\components\c_animation.obj
c:\users\jalbm\documents\visual studio 2022\dogengine\dogengine\x64\debug\dogengineplayground\components\animationset.obj
c:\users\jalbm\documents\visual studio 2022\dogengine\dogengine\x64\debug\dogengineplayground\components\c_2dtransform.obj
c:\users\jalbm\documents\visual studio 2022\dogengine\dogengine\x64\debug\dogengineplayground\scenes\sdlgamescenes\scene0.obj
c:\users\jalbm\documents\visual studio 2022\dogengine\dogengine\x64\debug\dogengineplayground\scenes\sdlgamescenes\scene1.obj
c:\users\jalbm\documents\visual studio 2022\dogengine\dogengine\x64\debug\dogengineplayground\scenes\sdlgamescenes\debugscene.obj
c:\users\jalbm\documents\visual studio 2022\dogengine\dogengine\x64\debug\dogengineplayground\gameobjects\map\tileset\tiles.obj
c:\users\jalbm\documents\visual studio 2022\dogengine\dogengine\x64\debug\dogengineplayground\gameobjects\map\tileset\tilesetmanager.obj
c:\users\jalbm\documents\visual studio 2022\dogengine\dogengine\x64\debug\dogengine\input\controller.obj
c:\users\jalbm\documents\visual studio 2022\dogengine\dogengine\x64\debug\dogengine\input\computerinput.obj
c:\users\jalbm\documents\visual studio 2022\dogengine\dogengine\x64\debug\dogengine\filesystem\engineserializer.obj
c:\users\jalbm\documents\visual studio 2022\dogengine\dogengine\x64\debug\dogengine\filesystem\directoryhandler.obj
c:\users\jalbm\documents\visual studio 2022\dogengine\dogengine\x64\debug\dogengine\audio\audiomanager.obj
c:\users\jalbm\documents\visual studio 2022\dogengine\dogengine\x64\debug\dogengine\animator\animator.obj
c:\users\jalbm\documents\visual studio 2022\dogengine\dogengine\x64\debug\dogengine\animator\animation.obj
c:\users\jalbm\documents\visual studio 2022\dogengine\dogengine\x64\debug\dogengine\animationhandler\animationhandler.obj
c:\users\jalbm\documents\visual studio 2022\dogengine\dogengine\x64\debug\designpattern\observer.obj
c:\users\jalbm\documents\visual studio 2022\dogengine\dogengine\x64\debug\dogengine\pugixml\pugixml.obj
c:\users\jalbm\documents\visual studio 2022\dogengine\dogengine\x64\debug\dogengineplayground\components\prefab_components\playercontroller.obj
c:\users\jalbm\documents\visual studio 2022\dogengine\dogengine\x64\debug\dogengine\networking\networkmanager.obj
c:\users\jalbm\documents\visual studio 2022\dogengine\dogengine\x64\debug\dogengineplayground\gameobjects\gameobject.obj
c:\users\jalbm\documents\visual studio 2022\dogengine\dogengine\x64\debug\dogengine.tlog\cl.command.1.tlog
c:\users\jalbm\documents\visual studio 2022\dogengine\dogengine\x64\debug\dogengine.tlog\cl.read.1.tlog
c:\users\jalbm\documents\visual studio 2022\dogengine\dogengine\x64\debug\dogengine.tlog\cl.write.1.tlog
